0 JAVA files found in src/:
0 JAVA files found in src/com:
0 JAVA files found in src/com/phs1437:

2 JAVA files found in src/com/phs1437/debugger:
src/com/phs1437/debugger/BuiltInTester.java
src/com/phs1437/debugger/Debugger.java

‘src/com/phs1437/debugger/BuiltInTester.class’ -> ‘bin/com/phs1437/debugger/BuiltInTester.class’
‘src/com/phs1437/debugger/Debugger.class’ -> ‘bin/com/phs1437/debugger/Debugger.class’
0 JAVA files found in src/com/idt:
0 JAVA files found in src/com/idt/contest:
0 JAVA files found in src/com/idt/contest/highschool:

1 JAVA files found in src/com/idt/contest/highschool/winter2014:
src/com/idt/contest/highschool/winter2014/Main.java

‘src/com/idt/contest/highschool/winter2014/Main.class’ -> ‘bin/com/idt/contest/highschool/winter2014/Main.class’

5 JAVA files found in src/com/idt/contest/highschool/winter2014/framework:
src/com/idt/contest/highschool/winter2014/framework/BatchMode.java
src/com/idt/contest/highschool/winter2014/framework/ClassCaster.java
src/com/idt/contest/highschool/winter2014/framework/FrameworkConstants.java
src/com/idt/contest/highschool/winter2014/framework/MenuMode.java
src/com/idt/contest/highschool/winter2014/framework/Mode.java

‘src/com/idt/contest/highschool/winter2014/framework/BatchMode.class’ -> ‘bin/com/idt/contest/highschool/winter2014/framework/BatchMode.class’
‘src/com/idt/contest/highschool/winter2014/framework/ClassCaster.class’ -> ‘bin/com/idt/contest/highschool/winter2014/framework/ClassCaster.class’
‘src/com/idt/contest/highschool/winter2014/framework/FrameworkConstants.class’ -> ‘bin/com/idt/contest/highschool/winter2014/framework/FrameworkConstants.class’
‘src/com/idt/contest/highschool/winter2014/framework/MenuMode.class’ -> ‘bin/com/idt/contest/highschool/winter2014/framework/MenuMode.class’
‘src/com/idt/contest/highschool/winter2014/framework/Mode.class’ -> ‘bin/com/idt/contest/highschool/winter2014/framework/Mode.class’

5 JAVA files found in src/com/idt/contest/highschool/winter2014/codetotest:
src/com/idt/contest/highschool/winter2014/codetotest/ByteUtility.java
src/com/idt/contest/highschool/winter2014/codetotest/MathUtility.java
src/com/idt/contest/highschool/winter2014/codetotest/MazeGenerator.java
src/com/idt/contest/highschool/winter2014/codetotest/StringUtility.java
src/com/idt/contest/highschool/winter2014/codetotest/TimeUtility.java

‘src/com/idt/contest/highschool/winter2014/codetotest/ByteUtility.class’ -> ‘bin/com/idt/contest/highschool/winter2014/codetotest/ByteUtility.class’
‘src/com/idt/contest/highschool/winter2014/codetotest/MathUtility.class’ -> ‘bin/com/idt/contest/highschool/winter2014/codetotest/MathUtility.class’
‘src/com/idt/contest/highschool/winter2014/codetotest/MazeGenerator.class’ -> ‘bin/com/idt/contest/highschool/winter2014/codetotest/MazeGenerator.class’
‘src/com/idt/contest/highschool/winter2014/codetotest/MazeGenerator$CoordinatePair.class’ -> ‘bin/com/idt/contest/highschool/winter2014/codetotest/MazeGenerator$CoordinatePair.class’
‘src/com/idt/contest/highschool/winter2014/codetotest/MazeGenerator$MazeCell.class’ -> ‘bin/com/idt/contest/highschool/winter2014/codetotest/MazeGenerator$MazeCell.class’
‘src/com/idt/contest/highschool/winter2014/codetotest/MazeGenerator$MazeDirection.class’ -> ‘bin/com/idt/contest/highschool/winter2014/codetotest/MazeGenerator$MazeDirection.class’
‘src/com/idt/contest/highschool/winter2014/codetotest/StringUtility.class’ -> ‘bin/com/idt/contest/highschool/winter2014/codetotest/StringUtility.class’
‘src/com/idt/contest/highschool/winter2014/codetotest/TimeUtility.class’ -> ‘bin/com/idt/contest/highschool/winter2014/codetotest/TimeUtility.class’
